0 info it worked if it ends with ok
1 verbose cli [ 'C:\\Program Files\\nodejs\\node.exe',
1 verbose cli   'C:\\Program Files\\nodejs\\node_modules\\npm\\bin\\npm-cli.js',
1 verbose cli   'run',
1 verbose cli   'start:dev' ]
2 info using npm@3.10.10
3 info using node@v6.11.0
4 verbose run-script [ 'prestart:dev', 'start:dev', 'poststart:dev' ]
5 info lifecycle freedraw@1.0.0~prestart:dev: freedraw@1.0.0
6 silly lifecycle freedraw@1.0.0~prestart:dev: no script for prestart:dev, continuing
7 info lifecycle freedraw@1.0.0~start:dev: freedraw@1.0.0
8 verbose lifecycle freedraw@1.0.0~start:dev: unsafe-perm in lifecycle true
9 verbose lifecycle freedraw@1.0.0~start:dev: PATH: D:\developSoft\nvm\v6.11.0\node_modules\npm\bin\node-gyp-bin;D:\project\repository\project\freedraw\node_modules\.bin;D:\developSoft\git\Git\mingw64\bin;D:\developSoft\git\Git\usr\bin;C:\Users\Sean Wu\bin;C:\ProgramData\Oracle\Java\javapath;C:\Python27;C:\Python27\Scripts;C:\Program Files (x86)\Intel\iCLS Client;C:\Program Files\Intel\iCLS Client;C:\Windows\system32;C:\Windows;C:\Windows\System32\Wbem;C:\Windows\System32\WindowsPowerShell\v1.0;C:\Program Files (x86)\NVIDIA Corporation\PhysX\Common;C:\Program Files (x86)\Intel\Intel(R) Management Engine Components\DAL;C:\Program Files\Intel\Intel(R) Management Engine Components\DAL;C:\Program Files (x86)\Intel\Intel(R) Management Engine Components\IPT;C:\Program Files\Intel\Intel(R) Management Engine Components\IPT;D:\developSoft\git\TortoiseGit\bin;C:\Ruby23-x64\bin;C:\rubygems-2.6.11\bin;C:\Python27;C:\Program Files\Intel\WiFi\bin;C:\Program Files\Common Files\Intel\WirelessCommon;C:\Program Files (x86)\Windows Kits\8.1\Windows Performance Toolkit;C:\Program Files\Microsoft SQL Server\110\Tools\Binn;D:\developSoft\nvm;C:\Program Files\nodejs;C:\ProgramData\chocolatey\bin;D:\java\jdk\bin;D:\java\maven\apache-maven-3.5.0\bin;C:\Ruby23-x64\bin;D:\developSoft\Ruby22\bin;D:\developSoft\Microsoft VS Code\bin;D:\developSoft\nvm;C:\Program Files\nodejs
10 verbose lifecycle freedraw@1.0.0~start:dev: CWD: D:\project\repository\project\freedraw
11 silly lifecycle freedraw@1.0.0~start:dev: Args: [ '/d /s /c',
11 silly lifecycle   'webpack-dev-server --config ./build/webpack.config.js' ]
12 verbose stack Error: kill ENOSYS
12 verbose stack     at exports._errnoException (util.js:1018:11)
12 verbose stack     at process.kill (internal/process.js:190:13)
12 verbose stack     at process.listener (D:\developSoft\nvm\v6.11.0\node_modules\npm\node_modules\npmlog\node_modules\gauge\node_modules\signal-exit\index.js:86:15)
12 verbose stack     at emitNone (events.js:91:20)
12 verbose stack     at process.emit (events.js:185:7)
12 verbose stack     at processEmit (D:\developSoft\nvm\v6.11.0\node_modules\npm\node_modules\npmlog\node_modules\gauge\node_modules\signal-exit\index.js:146:32)
12 verbose stack     at processEmit (D:\developSoft\nvm\v6.11.0\node_modules\npm\node_modules\npm-registry-client\node_modules\npmlog\node_modules\gauge\node_modules\signal-exit\index.js:146:32)
12 verbose stack     at Signal.wrap.onsignal (internal/process.js:217:44)
13 verbose cwd D:\project\repository\project\freedraw
14 error Windows_NT 10.0.10586
15 error argv "C:\\Program Files\\nodejs\\node.exe" "C:\\Program Files\\nodejs\\node_modules\\npm\\bin\\npm-cli.js" "run" "start:dev"
16 error node v6.11.0
17 error npm  v3.10.10
18 error code ENOSYS
19 error errno ENOSYS
20 error syscall kill
21 error kill ENOSYS
22 error If you need help, you may report this error at:
22 error     <https://github.com/npm/npm/issues>
23 verbose exit [ 1, true ]
